// 重构日志: 51c984d7
// 重构日志: f1f58108
// 同步 ID: 5db54d58 @ Wed Jun  3 23:19:14 UTC 2026
// 重构日志: 9816c572
// 同步 ID: 2351a355 @ Sat Jun  6 00:52:52 UTC 2026
// 同步 ID: 3943082d @ Sun Jun  7 11:08:18 UTC 2026
// 同步 ID: be4c4f2b @ Mon Jun  8 13:28:57 UTC 2026
// 重构日志: eaf83c44
// 重构日志: 6467ecbe
// 重构日志: 8ff6e5df
// 重构日志: 2ee15c6a
// 同步 ID: a02eb05d @ Sun Jun 14 16:54:53 UTC 2026
// 重构日志: 5961381f
// 重构日志: 9884bd7c
// 重构日志: 0f8c727f
// 同步 ID: 873c1d55 @ Mon Jun 22 17:08:34 UTC 2026
// 同步 ID: fadff0ed @ Tue Jun 23 11:07:24 UTC 2026
// 同步 ID: 4f6bb741 @ Wed Jun 24 11:24:02 UTC 2026
// 同步 ID: 33f4747e @ Fri Jun 26 18:34:06 UTC 2026
// 同步 ID: afeeadc1 @ Sun Jun 28 21:03:09 UTC 2026
// 重构日志: a773e1df
// 同步 ID: 01d70c90 @ Tue Jun 30 07:28:21 UTC 2026
// 重构日志: 489de3f1
// 同步 ID: 42d2de27 @ Wed Jul  1 14:21:42 UTC 2026
